e:\code\orbslam2byfyj\orbslam2byfyj\release\vc120.pdb
e:\code\orbslam2byfyj\orbslam2byfyj\release\tracking.obj
e:\code\orbslam2byfyj\orbslam2byfyj\release\sim3solver.obj
e:\code\orbslam2byfyj\orbslam2byfyj\release\pnpsolver.obj
e:\code\orbslam2byfyj\orbslam2byfyj\release\orbmatcher.obj
e:\code\orbslam2byfyj\orbslam2byfyj\release\orbextractor.obj
e:\code\orbslam2byfyj\orbslam2byfyj\release\optimizer.obj
e:\code\orbslam2byfyj\orbslam2byfyj\release\mappoint.obj
e:\code\orbslam2byfyj\orbslam2byfyj\release\mapdrawer.obj
e:\code\orbslam2byfyj\orbslam2byfyj\release\map.obj
e:\code\orbslam2byfyj\orbslam2byfyj\release\keyframedatabase.obj
e:\code\orbslam2byfyj\orbslam2byfyj\release\keyframe.obj
e:\code\orbslam2byfyj\orbslam2byfyj\release\initializer.obj
e:\code\orbslam2byfyj\orbslam2byfyj\release\framedrawer.obj
e:\code\orbslam2byfyj\orbslam2byfyj\release\frame.obj
e:\code\orbslam2byfyj\orbslam2byfyj\release\converter.obj
e:\code\orbslam2byfyj\orbslam2byfyj\release\viewer.obj
e:\code\orbslam2byfyj\orbslam2byfyj\release\system.obj
e:\code\orbslam2byfyj\orbslam2byfyj\release\loopclosing.obj
e:\code\orbslam2byfyj\orbslam2byfyj\release\localmapping.obj
e:\code\orbslam2byfyj\orbslam2byfyj\release\mono_kitti.obj
e:\code\orbslam2byfyj\orbslam2byfyj\release\mono_tum.obj
e:\code\orbslam2byfyj\orbslam2byfyj\release\types_six_dof_expmap.obj
e:\code\orbslam2byfyj\orbslam2byfyj\release\scoringobject.obj
e:\code\orbslam2byfyj\orbslam2byfyj\release\forb.obj
e:\code\orbslam2byfyj\orbslam2byfyj\release\featurevector.obj
e:\code\orbslam2byfyj\orbslam2byfyj\release\bowvector.obj
e:\code\orbslam2byfyj\orbslam2byfyj\release\orbslam2byfyj.tlog\cl.command.1.tlog
e:\code\orbslam2byfyj\orbslam2byfyj\release\orbslam2byfyj.tlog\cl.read.1.tlog
e:\code\orbslam2byfyj\orbslam2byfyj\release\orbslam2byfyj.tlog\cl.write.1.tlog
e:\code\orbslam2byfyj\orbslam2byfyj\release\orbslam2byfyj.tlog\link.command.1.tlog
e:\code\orbslam2byfyj\orbslam2byfyj\release\orbslam2byfyj.tlog\link.read.1.tlog
e:\code\orbslam2byfyj\orbslam2byfyj\release\orbslam2byfyj.tlog\link.write.1.tlog
