e:\code\orbslam2byfyj\orbslam2byfyj\x64\release\vc120.pdb
e:\code\orbslam2byfyj\orbslam2byfyj\x64\release\tracking.obj
e:\code\orbslam2byfyj\orbslam2byfyj\x64\release\system.obj
e:\code\orbslam2byfyj\orbslam2byfyj\x64\release\sim3solver.obj
e:\code\orbslam2byfyj\orbslam2byfyj\x64\release\pnpsolver.obj
e:\code\orbslam2byfyj\orbslam2byfyj\x64\release\orbmatcher.obj
e:\code\orbslam2byfyj\orbslam2byfyj\x64\release\orbextractor.obj
e:\code\orbslam2byfyj\orbslam2byfyj\x64\release\optimizer.obj
e:\code\orbslam2byfyj\orbslam2byfyj\x64\release\mappoint.obj
e:\code\orbslam2byfyj\orbslam2byfyj\x64\release\mapdrawer.obj
e:\code\orbslam2byfyj\orbslam2byfyj\x64\release\map.obj
e:\code\orbslam2byfyj\orbslam2byfyj\x64\release\loopclosing.obj
e:\code\orbslam2byfyj\orbslam2byfyj\x64\release\localmapping.obj
e:\code\orbslam2byfyj\orbslam2byfyj\x64\release\keyframedatabase.obj
e:\code\orbslam2byfyj\orbslam2byfyj\x64\release\keyframe.obj
e:\code\orbslam2byfyj\orbslam2byfyj\x64\release\initializer.obj
e:\code\orbslam2byfyj\orbslam2byfyj\x64\release\framedrawer.obj
e:\code\orbslam2byfyj\orbslam2byfyj\x64\release\frame.obj
e:\code\orbslam2byfyj\orbslam2byfyj\x64\release\converter.obj
e:\code\orbslam2byfyj\orbslam2byfyj\x64\release\mono_tum.obj
e:\code\orbslam2byfyj\orbslam2byfyj\x64\release\mono_kitti.obj
e:\code\orbslam2byfyj\orbslam2byfyj\x64\release\viewer.obj
e:\code\orbslam2byfyj\orbslam2byfyj\x64\release\optimization_algorithm_factory.obj
e:\code\orbslam2byfyj\orbslam2byfyj\x64\release\optimization_algorithm_dogleg.obj
e:\code\orbslam2byfyj\orbslam2byfyj\x64\release\optimization_algorithm.obj
e:\code\orbslam2byfyj\orbslam2byfyj\x64\release\optimizable_graph.obj
e:\code\orbslam2byfyj\orbslam2byfyj\x64\release\matrix_structure.obj
e:\code\orbslam2byfyj\orbslam2byfyj\x64\release\marginal_covariance_cholesky.obj
e:\code\orbslam2byfyj\orbslam2byfyj\x64\release\jacobian_workspace.obj
e:\code\orbslam2byfyj\orbslam2byfyj\x64\release\hyper_graph_action.obj
e:\code\orbslam2byfyj\orbslam2byfyj\x64\release\hyper_graph.obj
e:\code\orbslam2byfyj\orbslam2byfyj\x64\release\hyper_dijkstra.obj
e:\code\orbslam2byfyj\orbslam2byfyj\x64\release\factory.obj
e:\code\orbslam2byfyj\orbslam2byfyj\x64\release\estimate_propagator.obj
e:\code\orbslam2byfyj\orbslam2byfyj\x64\release\cache.obj
e:\code\orbslam2byfyj\orbslam2byfyj\x64\release\batch_stats.obj
e:\code\orbslam2byfyj\orbslam2byfyj\x64\release\timestamp.obj
e:\code\orbslam2byfyj\orbslam2byfyj\x64\release\random.obj
e:\code\orbslam2byfyj\orbslam2byfyj\x64\release\scoringobject.obj
e:\code\orbslam2byfyj\orbslam2byfyj\x64\release\forb.obj
e:\code\orbslam2byfyj\orbslam2byfyj\x64\release\featurevector.obj
e:\code\orbslam2byfyj\orbslam2byfyj\x64\release\bowvector.obj
e:\code\orbslam2byfyj\orbslam2byfyj\x64\release\types_six_dof_expmap.obj
e:\code\orbslam2byfyj\orbslam2byfyj\x64\release\types_seven_dof_expmap.obj
e:\code\orbslam2byfyj\orbslam2byfyj\x64\release\types_sba.obj
e:\code\orbslam2byfyj\orbslam2byfyj\x64\release\timeutil.obj
e:\code\orbslam2byfyj\orbslam2byfyj\x64\release\string_tools.obj
e:\code\orbslam2byfyj\orbslam2byfyj\x64\release\property.obj
e:\code\orbslam2byfyj\orbslam2byfyj\x64\release\sparse_optimizer.obj
e:\code\orbslam2byfyj\orbslam2byfyj\x64\release\solver.obj
e:\code\orbslam2byfyj\orbslam2byfyj\x64\release\robust_kernel_impl.obj
e:\code\orbslam2byfyj\orbslam2byfyj\x64\release\robust_kernel_factory.obj
e:\code\orbslam2byfyj\orbslam2byfyj\x64\release\robust_kernel.obj
e:\code\orbslam2byfyj\orbslam2byfyj\x64\release\parameter_container.obj
e:\code\orbslam2byfyj\orbslam2byfyj\x64\release\parameter.obj
e:\code\orbslam2byfyj\orbslam2byfyj\x64\release\optimization_algorithm_with_hessian.obj
e:\code\orbslam2byfyj\orbslam2byfyj\x64\release\optimization_algorithm_levenberg.obj
e:\code\orbslam2byfyj\orbslam2byfyj\x64\release\optimization_algorithm_gauss_newton.obj
e:\code\orbslam2byfyj\orbslam2byfyj\x64\release\os_specific.obj
e:\code\orbslam2byfyj\orbslam2byfyj\x64\release\orbslam2byfyj.tlog\cl.command.1.tlog
e:\code\orbslam2byfyj\orbslam2byfyj\x64\release\orbslam2byfyj.tlog\cl.read.1.tlog
e:\code\orbslam2byfyj\orbslam2byfyj\x64\release\orbslam2byfyj.tlog\cl.write.1.tlog
e:\code\orbslam2byfyj\orbslam2byfyj\x64\release\orbslam2byfyj.tlog\link-cvtres.read.1.tlog
e:\code\orbslam2byfyj\orbslam2byfyj\x64\release\orbslam2byfyj.tlog\link-cvtres.write.1.tlog
e:\code\orbslam2byfyj\orbslam2byfyj\x64\release\orbslam2byfyj.tlog\link-rc.read.1.tlog
e:\code\orbslam2byfyj\orbslam2byfyj\x64\release\orbslam2byfyj.tlog\link-rc.write.1.tlog
e:\code\orbslam2byfyj\orbslam2byfyj\x64\release\orbslam2byfyj.tlog\link.command.1.tlog
e:\code\orbslam2byfyj\orbslam2byfyj\x64\release\orbslam2byfyj.tlog\link.read.1.tlog
e:\code\orbslam2byfyj\orbslam2byfyj\x64\release\orbslam2byfyj.tlog\link.write.1.tlog
